cl : command line  warning D9035: option 'Gm' has been deprecated and will be removed in a future release
  Triangle.cpp
  Rect.cpp
  Shape.cpp
  RegPoly.cpp
C:\Users\GETAC\Documents\1A.Zewail\Year2\Cpp project\Shapes\RegPoly.cpp(18,35): warning C4305: 'initializing': truncation from 'double' to 'float'
C:\Users\GETAC\Documents\1A.Zewail\Year2\Cpp project\Shapes\RegPoly.cpp(23,10): warning C4244: 'initializing': conversion from 'float' to 'int', possible loss of data
C:\Users\GETAC\Documents\1A.Zewail\Year2\Cpp project\Shapes\RegPoly.cpp(24,10): warning C4244: 'initializing': conversion from 'float' to 'int', possible loss of data
  Line.cpp
  Graph.cpp
C:\Users\GETAC\Documents\1A.Zewail\Year2\Cpp project\Shapes\Load.h(9,23): warning C4018: '<': signed/unsigned mismatch
C:\Users\GETAC\Documents\1A.Zewail\Year2\Cpp project\Shapes\Graph.cpp(232,18): warning C4101: 'Sborder': unreferenced local variable
C:\Users\GETAC\Documents\1A.Zewail\Year2\Cpp project\Shapes\Graph.cpp(281,19): warning C4101: 'side': unreferenced local variable
  Circle.cpp
C:\Users\GETAC\Documents\1A.Zewail\Year2\Cpp project\Shapes\Circle.cpp(8,15): warning C4244: '=': conversion from 'double' to 'int', possible loss of data
  opSave.cpp
  opSelect.cpp
  opPaste.cpp
  opLoad.cpp
  opExit.cpp
  opCopy.cpp
  opClear.cpp
  opAddTriangle.cpp
  opAddRegPoly.cpp
  opAddRect.cpp
  opAddLine.cpp
  opAddCircle.cpp
  main.cpp
  Generating Code...
C:\Users\GETAC\Documents\1A.Zewail\Year2\Cpp project\Shapes\Graph.cpp(80): warning C4715: 'Graph::UnselectShape': not all control paths return a value
  Compiling...
  controller.cpp
  GUI.cpp
  windowinput.cpp
  mousequeue.cpp
  keyqueue.cpp
  image.cpp
C:\Users\GETAC\Documents\1A.Zewail\Year2\Cpp project\CMUgraphicsLib\image.cpp(115,29): warning C4018: '<': signed/unsigned mismatch
  CMUgraphics.cpp
C:\Users\GETAC\Documents\1A.Zewail\Year2\Cpp project\CMUgraphicsLib\CMUgraphics.cpp(257,9): warning C4101: 'iX': unreferenced local variable
C:\Users\GETAC\Documents\1A.Zewail\Year2\Cpp project\CMUgraphicsLib\CMUgraphics.cpp(257,13): warning C4101: 'iY': unreferenced local variable
C:\Users\GETAC\Documents\1A.Zewail\Year2\Cpp project\CMUgraphicsLib\CMUgraphics.cpp(751,3): warning C4996: 'strcpy': This function or variable may be unsafe. Consider using strcpy_s instead. To disable deprecation, use _CRT_SECURE_NO_WARNINGS. See online help for details.
C:\Users\GETAC\Documents\1A.Zewail\Year2\Cpp project\CMUgraphicsLib\CMUgraphics.cpp(1164,2): warning C4996: 'sprintf': This function or variable may be unsafe. Consider using sprintf_s instead. To disable deprecation, use _CRT_SECURE_NO_WARNINGS. See online help for details.
C:\Users\GETAC\Documents\1A.Zewail\Year2\Cpp project\CMUgraphicsLib\CMUgraphics.cpp(1171,2): warning C4996: 'sprintf': This function or variable may be unsafe. Consider using sprintf_s instead. To disable deprecation, use _CRT_SECURE_NO_WARNINGS. See online help for details.
C:\Users\GETAC\Documents\1A.Zewail\Year2\Cpp project\CMUgraphicsLib\CMUgraphics.cpp(1202,2): warning C4996: 'sprintf': This function or variable may be unsafe. Consider using sprintf_s instead. To disable deprecation, use _CRT_SECURE_NO_WARNINGS. See online help for details.
C:\Users\GETAC\Documents\1A.Zewail\Year2\Cpp project\CMUgraphicsLib\CMUgraphics.cpp(1210,2): warning C4996: 'sprintf': This function or variable may be unsafe. Consider using sprintf_s instead. To disable deprecation, use _CRT_SECURE_NO_WARNINGS. See online help for details.
C:\Users\GETAC\Documents\1A.Zewail\Year2\Cpp project\CMUgraphicsLib\CMUgraphics.cpp(1357,23): warning C4018: '>': signed/unsigned mismatch
  auxil.cpp
  Generating Code...
cl : command line  warning D9035: option 'Gm' has been deprecated and will be removed in a future release
  jutils.c
  jquant2.c
  jquant1.c
  jmemnobs.c
  jmemmgr.c
C:\Users\GETAC\Documents\1A.Zewail\Year2\Cpp project\CMUgraphicsLib\jpeg\jmemmgr.c(1103,19): warning C4996: 'getenv': This function or variable may be unsafe. Consider using _dupenv_s instead. To disable deprecation, use _CRT_SECURE_NO_WARNINGS. See online help for details.
C:\Users\GETAC\Documents\1A.Zewail\Year2\Cpp project\CMUgraphicsLib\jpeg\jmemmgr.c(1106,11): warning C4996: 'sscanf': This function or variable may be unsafe. Consider using sscanf_s instead. To disable deprecation, use _CRT_SECURE_NO_WARNINGS. See online help for details.
  jidctred.c
  jidctint.c
  jidctfst.c
  jidctflt.c
  jerror.c
C:\Users\GETAC\Documents\1A.Zewail\Year2\Cpp project\CMUgraphicsLib\jpeg\jerror.c(169,5): warning C4996: 'sprintf': This function or variable may be unsafe. Consider using sprintf_s instead. To disable deprecation, use _CRT_SECURE_NO_WARNINGS. See online help for details.
C:\Users\GETAC\Documents\1A.Zewail\Year2\Cpp project\CMUgraphicsLib\jpeg\jerror.c(171,5): warning C4996: 'sprintf': This function or variable may be unsafe. Consider using sprintf_s instead. To disable deprecation, use _CRT_SECURE_NO_WARNINGS. See online help for details.
  jdtrans.c
  jdsample.c
  jdpostct.c
  jdphuff.c
  jdmerge.c
  jdmaster.c
  jdmarker.c
  jdmainct.c
  jdinput.c
  jdhuff.c
  Generating Code...
  Compiling...
  jddctmgr.c
  jdcolor.c
  jdcoefct.c
  jdatasrc.c
  jdapistd.c
  jdapimin.c
  jcparam.c
  jcomapi.c
  jpegload.c
C:\Users\GETAC\Documents\1A.Zewail\Year2\Cpp project\CMUgraphicsLib\jpegload.c(23,12): warning C4996: 'fopen': This function or variable may be unsafe. Consider using fopen_s instead. To disable deprecation, use _CRT_SECURE_NO_WARNINGS. See online help for details.
  Generating Code...
auxil.obj : warning LNK4075: ignoring '/EDITANDCONTINUE' due to '/SAFESEH' specification
  CIE202-project.vcxproj -> C:\Users\GETAC\Documents\1A.Zewail\Year2\Cpp project\Debug\CIE202-project.exe
